<?xml version="1.0" encoding="UTF-8"?>
<!-- Generated by org.testng.reporters.JUnitReportReporter -->
<testsuite hostname="DESKTOP-HUF4NTE" failures="0" tests="2" name="com.YoutubeSearch.YoutubeSearchTestSet" time="22.395" errors="0" timestamp="2022-04-23T01:03:21 EET" skipped="0">
  <testcase classname="com.YoutubeSearch.YoutubeSearchTestSet" name="youtubeTitleAssertion" time="11.281"/>
  <system-out/>
  <testcase classname="com.YoutubeSearch.YoutubeSearchTestSet" name="youtubeTitleAssertion" time="11.114"/>
  <system-out/>
</testsuite> <!-- com.YoutubeSearch.YoutubeSearchTestSet -->
