<?xml version="1.0" encoding="UTF-8"?>
<!-- Generated by org.testng.reporters.JUnitReportReporter -->
<testsuite hostname="DESKTOP-HUF4NTE" failures="0" tests="2" name="YoutubeSearchTests.YoutubeSearchTest" time="24.254" errors="0" timestamp="2022-04-23T15:14:51 EET" skipped="0">
  <testcase classname="YoutubeSearchTests.YoutubeSearchTest" name="youtubeTitleAssertion" time="11.911"/>
  <system-out/>
  <testcase classname="YoutubeSearchTests.YoutubeSearchTest" name="youtubeTitleAssertion" time="12.343"/>
  <system-out/>
</testsuite> <!-- YoutubeSearchTests.YoutubeSearchTest -->
