<?xml version="1.0" encoding="UTF-8"?>
<!-- Generated by org.testng.reporters.JUnitReportReporter -->
<testsuite hostname="DESKTOP-HUF4NTE" failures="0" tests="2" name="YoutubeSearchTests.YoutubeSearchTest" time="25.031" errors="0" timestamp="2022-04-23T02:00:37 EET" skipped="0">
  <testcase classname="YoutubeSearchTests.YoutubeSearchTest" name="youtubeTitleAssertion" time="12.301"/>
  <system-out/>
  <testcase classname="YoutubeSearchTests.YoutubeSearchTest" name="youtubeTitleAssertion" time="12.730"/>
  <system-out/>
</testsuite> <!-- YoutubeSearchTests.YoutubeSearchTest -->
